nohup: ignoring input
[[1;34mINFO[m] Scanning for projects...
[[1;34mINFO[m] 
[[1;34mINFO[m] [1m--------------------------< [0;36mcom.example:demo[0;1m >--------------------------[m
[[1;34mINFO[m] [1mBuilding demo 0.0.1-SNAPSHOT[m
[[1;34mINFO[m] [1m--------------------------------[ jar ]---------------------------------[m
[[1;34mINFO[m] 
[[1;34mINFO[m] [1m>>> [0;32mspring-boot-maven-plugin:3.5.4:run[m [1m(default-cli)[0;1m > [0;1mtest-compile[m @ [36mdemo[0;1m >>>[m
[[1;34mINFO[m] 
[[1;34mINFO[m] [1m--- [0;32mmaven-resources-plugin:3.3.1:resources[m [1m(default-resources)[m @ [36mdemo[0;1m ---[m
[[1;34mINFO[m] Copying 1 resource from src/main/resources to target/classes
[[1;34mINFO[m] Copying 4 resources from src/main/resources to target/classes
[[1;34mINFO[m] 
[[1;34mINFO[m] [1m--- [0;32mmaven-compiler-plugin:3.14.0:compile[m [1m(default-compile)[m @ [36mdemo[0;1m ---[m
[[1;34mINFO[m] Nothing to compile - all classes are up to date.
[[1;34mINFO[m] 
[[1;34mINFO[m] [1m--- [0;32mmaven-resources-plugin:3.3.1:testResources[m [1m(default-testResources)[m @ [36mdemo[0;1m ---[m
[[1;34mINFO[m] skip non existing resourceDirectory /root/codebuddy/springboot/src/test/resources
[[1;34mINFO[m] 
[[1;34mINFO[m] [1m--- [0;32mmaven-compiler-plugin:3.14.0:testCompile[m [1m(default-testCompile)[m @ [36mdemo[0;1m ---[m
[[1;34mINFO[m] Nothing to compile - all classes are up to date.
[[1;34mINFO[m] 
[[1;34mINFO[m] [1m<<< [0;32mspring-boot-maven-plugin:3.5.4:run[m [1m(default-cli)[0;1m < [0;1mtest-compile[m @ [36mdemo[0;1m <<<[m
[[1;34mINFO[m] 
[[1;34mINFO[m] 
[[1;34mINFO[m] [1m--- [0;32mspring-boot-maven-plugin:3.5.4:run[m [1m(default-cli)[m @ [36mdemo[0;1m ---[m
[[1;34mINFO[m] Attaching agents: []
Standard Commons Logging discovery in action with spring-jcl: please remove commons-logging.jar from classpath in order to avoid potential conflicts

  .   ____          _            __ _ _
 /\\ / ___'_ __ _ _(_)_ __  __ _ \ \ \ \
( ( )\___ | '_ | '_| | '_ \/ _` | \ \ \ \
 \\/  ___)| |_)| | | | | || (_| |  ) ) ) )
  '  |____| .__|_| |_|_| |_\__, | / / / /
 =========|_|==============|___/=/_/_/_/

[32m :: Spring Boot :: [39m              [2m (v3.5.4)[0;39m

[2m2025-08-16 09:40:13[0;39m [35m[main][0;39m [32mINFO [0;39m [36mcom.example.demo.DemoApplication[0;39m - Starting DemoApplication using Java 17.0.16 with PID 437514 (/root/codebuddy/springboot/target/classes started by root in /root/codebuddy/springboot)
[2m2025-08-16 09:40:13[0;39m [35m[main][0;39m [32mDEBUG[0;39m [36mcom.example.demo.DemoApplication[0;39m - Running with Spring Boot v3.5.4, Spring v6.2.9
[2m2025-08-16 09:40:13[0;39m [35m[main][0;39m [32mINFO [0;39m [36mcom.example.demo.DemoApplication[0;39m - No active profile set, falling back to 1 default profile: "default"
[2m2025-08-16 09:40:14[0;39m [35m[main][0;39m [32mDEBUG[0;39m [36mo.m.s.mapper.ClassPathMapperScanner[0;39m - Identified candidate component class: file [/root/codebuddy/springboot/target/classes/com/example/demo/mapper/AdminMapper.class]
[2m2025-08-16 09:40:14[0;39m [35m[main][0;39m [32mDEBUG[0;39m [36mo.m.s.mapper.ClassPathMapperScanner[0;39m - Identified candidate component class: file [/root/codebuddy/springboot/target/classes/com/example/demo/mapper/UserMapper.class]
[2m2025-08-16 09:40:14[0;39m [35m[main][0;39m [32mDEBUG[0;39m [36mo.m.s.mapper.ClassPathMapperScanner[0;39m - Creating MapperFactoryBean with name 'adminMapper' and 'com.example.demo.mapper.AdminMapper' mapperInterface
[2m2025-08-16 09:40:14[0;39m [35m[main][0;39m [32mDEBUG[0;39m [36mo.m.s.mapper.ClassPathMapperScanner[0;39m - Enabling autowire by type for MapperFactoryBean with name 'adminMapper'.
[2m2025-08-16 09:40:14[0;39m [35m[main][0;39m [32mDEBUG[0;39m [36mo.m.s.mapper.ClassPathMapperScanner[0;39m - Creating MapperFactoryBean with name 'userMapper' and 'com.example.demo.mapper.UserMapper' mapperInterface
[2m2025-08-16 09:40:14[0;39m [35m[main][0;39m [32mDEBUG[0;39m [36mo.m.s.mapper.ClassPathMapperScanner[0;39m - Enabling autowire by type for MapperFactoryBean with name 'userMapper'.
[2m2025-08-16 09:40:14[0;39m [35m[main][0;39m [32mINFO [0;39m [36mo.s.b.w.e.tomcat.TomcatWebServer[0;39m - Tomcat initialized with port 8080 (http)
[2m2025-08-16 09:40:14[0;39m [35m[main][0;39m [32mINFO [0;39m [36mo.a.catalina.core.StandardService[0;39m - Starting service [Tomcat]
[2m2025-08-16 09:40:14[0;39m [35m[main][0;39m [32mINFO [0;39m [36mo.a.catalina.core.StandardEngine[0;39m - Starting Servlet engine: [Apache Tomcat/10.1.43]
[2m2025-08-16 09:40:14[0;39m [35m[main][0;39m [32mINFO [0;39m [36mo.a.c.c.C.[Tomcat].[localhost].[/][0;39m - Initializing Spring embedded WebApplicationContext
[2m2025-08-16 09:40:14[0;39m [35m[main][0;39m [32mINFO [0;39m [36mo.s.b.w.s.c.ServletWebServerApplicationContext[0;39m - Root WebApplicationContext: initialization completed in 560 ms
Standard Commons Logging discovery in action with spring-jcl: please remove commons-logging.jar from classpath in order to avoid potential conflicts
[2m2025-08-16 09:40:14[0;39m [35m[main][0;39m [32mDEBUG[0;39m [36mo.m.spring.SqlSessionFactoryBean[0;39m - Property 'mapperLocations' was not specified.
[2m2025-08-16 09:40:14[0;39m [35m[main][0;39m [32mDEBUG[0;39m [36mc.e.d.filter.JwtAuthenticationFilter[0;39m - Filter 'jwtAuthenticationFilter' configured for use
[2m2025-08-16 09:40:14[0;39m [35m[main][0;39m [32mINFO [0;39m [36mo.s.s.c.a.a.c.InitializeUserDetailsBeanManagerConfigurer$InitializeUserDetailsManagerConfigurer[0;39m - Global AuthenticationManager configured with UserDetailsService bean with name userDetailsServiceImpl
[2m2025-08-16 09:40:14[0;39m [35m[main][0;39m [32mINFO [0;39m [36mo.s.b.w.e.tomcat.TomcatWebServer[0;39m - Tomcat started on port 8080 (http) with context path '/'
[2m2025-08-16 09:40:14[0;39m [35m[main][0;39m [32mINFO [0;39m [36mcom.example.demo.DemoApplication[0;39m - Started DemoApplication in 1.25 seconds (process running for 1.387)
[2m2025-08-16 09:40:22[0;39m [35m[http-nio-8080-exec-1][0;39m [32mINFO [0;39m [36mo.a.c.c.C.[Tomcat].[localhost].[/][0;39m - Initializing Spring DispatcherServlet 'dispatcherServlet'
[2m2025-08-16 09:40:22[0;39m [35m[http-nio-8080-exec-1][0;39m [32mINFO [0;39m [36mo.s.web.servlet.DispatcherServlet[0;39m - Initializing Servlet 'dispatcherServlet'
[2m2025-08-16 09:40:22[0;39m [35m[http-nio-8080-exec-1][0;39m [32mINFO [0;39m [36mo.s.web.servlet.DispatcherServlet[0;39m - Completed initialization in 0 ms
[2m2025-08-16 09:40:22[0;39m [35m[http-nio-8080-exec-1][0;39m [32mINFO [0;39m [36mc.e.demo.controller.AuthController[0;39m - æ”¶åˆ°ç”¨æˆ·ç™»å½•è¯·æ±‚: UserLoginRequest{email='allnotice@qq.com', password='[PROTECTED]'}
[2m2025-08-16 09:40:22[0;39m [35m[http-nio-8080-exec-1][0;39m [32mINFO [0;39m [36mc.e.d.service.impl.UserServiceImpl[0;39m - ç”¨æˆ·ç™»å½•: allnotice@qq.com
[2m2025-08-16 09:40:22[0;39m [35m[http-nio-8080-exec-1][0;39m [32mDEBUG[0;39m [36morg.mybatis.spring.SqlSessionUtils[0;39m - Creating a new SqlSession
[2m2025-08-16 09:40:22[0;39m [35m[http-nio-8080-exec-1][0;39m [32mDEBUG[0;39m [36morg.mybatis.spring.SqlSessionUtils[0;39m - SqlSession [org.apache.ibatis.session.defaults.DefaultSqlSession@2d99e73a] was not registered for synchronization because synchronization is not active
[2m2025-08-16 09:40:22[0;39m [35m[http-nio-8080-exec-1][0;39m [32mINFO [0;39m [36mcom.zaxxer.hikari.HikariDataSource[0;39m - HikariPool-1 - Starting...
[2m2025-08-16 09:40:22[0;39m [35m[http-nio-8080-exec-1][0;39m [32mINFO [0;39m [36mcom.zaxxer.hikari.pool.HikariPool[0;39m - HikariPool-1 - Added connection com.mysql.cj.jdbc.ConnectionImpl@5758f773
[2m2025-08-16 09:40:22[0;39m [35m[http-nio-8080-exec-1][0;39m [32mINFO [0;39m [36mcom.zaxxer.hikari.HikariDataSource[0;39m - HikariPool-1 - Start completed.
[2m2025-08-16 09:40:22[0;39m [35m[http-nio-8080-exec-1][0;39m [32mDEBUG[0;39m [36mo.m.s.t.SpringManagedTransaction[0;39m - JDBC Connection [HikariProxyConnection@1633833124 wrapping com.mysql.cj.jdbc.ConnectionImpl@5758f773] will not be managed by Spring
[2m2025-08-16 09:40:22[0;39m [35m[http-nio-8080-exec-1][0;39m [32mDEBUG[0;39m [36mc.e.d.mapper.UserMapper.findByEmail[0;39m - ==>  Preparing: SELECT * FROM user WHERE email = ?
[2m2025-08-16 09:40:22[0;39m [35m[http-nio-8080-exec-1][0;39m [32mDEBUG[0;39m [36mc.e.d.mapper.UserMapper.findByEmail[0;39m - ==> Parameters: allnotice@qq.com(String)
[2m2025-08-16 09:40:22[0;39m [35m[http-nio-8080-exec-1][0;39m [32mDEBUG[0;39m [36mc.e.d.mapper.UserMapper.findByEmail[0;39m - <==      Total: 1
[2m2025-08-16 09:40:22[0;39m [35m[http-nio-8080-exec-1][0;39m [32mDEBUG[0;39m [36morg.mybatis.spring.SqlSessionUtils[0;39m - Closing non transactional SqlSession [org.apache.ibatis.session.defaults.DefaultSqlSession@2d99e73a]
[2m2025-08-16 09:40:22[0;39m [35m[http-nio-8080-exec-1][0;39m [32mINFO [0;39m [36mc.e.d.service.impl.UserServiceImpl[0;39m - ç”¨æˆ·ç™»å½•æˆåŠŸ: allnotice@qq.com
[2m2025-08-16 09:40:22[0;39m [35m[http-nio-8080-exec-1][0;39m [32mINFO [0;39m [36mc.e.demo.controller.AuthController[0;39m - ç”¨æˆ·ç™»å½•æˆåŠŸ: allnotice_updated
[2m2025-08-16 09:40:36[0;39m [35m[http-nio-8080-exec-2][0;39m [32mINFO [0;39m [36mc.e.d.filter.JwtAuthenticationFilter[0;39m - JWTä»¤ç‰Œè§£æžæˆåŠŸ: ç”¨æˆ·ID 2, è§’è‰² null
[2m2025-08-16 09:40:36[0;39m [35m[http-nio-8080-exec-2][0;39m [32mDEBUG[0;39m [36morg.mybatis.spring.SqlSessionUtils[0;39m - Creating a new SqlSession
[2m2025-08-16 09:40:36[0;39m [35m[http-nio-8080-exec-2][0;39m [32mDEBUG[0;39m [36morg.mybatis.spring.SqlSessionUtils[0;39m - SqlSession [org.apache.ibatis.session.defaults.DefaultSqlSession@15fa99d3] was not registered for synchronization because synchronization is not active
[2m2025-08-16 09:40:36[0;39m [35m[http-nio-8080-exec-2][0;39m [32mDEBUG[0;39m [36mo.m.s.t.SpringManagedTransaction[0;39m - JDBC Connection [HikariProxyConnection@486289278 wrapping com.mysql.cj.jdbc.ConnectionImpl@5758f773] will not be managed by Spring
[2m2025-08-16 09:40:36[0;39m [35m[http-nio-8080-exec-2][0;39m [32mDEBUG[0;39m [36mc.e.demo.mapper.UserMapper.findById[0;39m - ==>  Preparing: SELECT * FROM user WHERE id = ?
[2m2025-08-16 09:40:36[0;39m [35m[http-nio-8080-exec-2][0;39m [32mDEBUG[0;39m [36mc.e.demo.mapper.UserMapper.findById[0;39m - ==> Parameters: 2(Long)
[2m2025-08-16 09:40:36[0;39m [35m[http-nio-8080-exec-2][0;39m [32mDEBUG[0;39m [36mc.e.demo.mapper.UserMapper.findById[0;39m - <==      Total: 1
[2m2025-08-16 09:40:36[0;39m [35m[http-nio-8080-exec-2][0;39m [32mDEBUG[0;39m [36morg.mybatis.spring.SqlSessionUtils[0;39m - Closing non transactional SqlSession [org.apache.ibatis.session.defaults.DefaultSqlSession@15fa99d3]
[2m2025-08-16 09:40:36[0;39m [35m[http-nio-8080-exec-2][0;39m [32mINFO [0;39m [36mc.e.d.filter.JwtAuthenticationFilter[0;39m - ç”¨æˆ·ID 2 è®¤è¯æˆåŠŸ
[2m2025-08-16 09:40:38[0;39m [35m[http-nio-8080-exec-3][0;39m [32mINFO [0;39m [36mc.e.d.filter.JwtAuthenticationFilter[0;39m - JWTä»¤ç‰Œè§£æžæˆåŠŸ: ç”¨æˆ·ID 2, è§’è‰² null
[2m2025-08-16 09:40:38[0;39m [35m[http-nio-8080-exec-3][0;39m [32mDEBUG[0;39m [36morg.mybatis.spring.SqlSessionUtils[0;39m - Creating a new SqlSession
[2m2025-08-16 09:40:38[0;39m [35m[http-nio-8080-exec-3][0;39m [32mDEBUG[0;39m [36morg.mybatis.spring.SqlSessionUtils[0;39m - SqlSession [org.apache.ibatis.session.defaults.DefaultSqlSession@52c8d44f] was not registered for synchronization because synchronization is not active
[2m2025-08-16 09:40:38[0;39m [35m[http-nio-8080-exec-3][0;39m [32mDEBUG[0;39m [36mo.m.s.t.SpringManagedTransaction[0;39m - JDBC Connection [HikariProxyConnection@456093183 wrapping com.mysql.cj.jdbc.ConnectionImpl@5758f773] will not be managed by Spring
[2m2025-08-16 09:40:38[0;39m [35m[http-nio-8080-exec-3][0;39m [32mDEBUG[0;39m [36mc.e.demo.mapper.UserMapper.findById[0;39m - ==>  Preparing: SELECT * FROM user WHERE id = ?
[2m2025-08-16 09:40:38[0;39m [35m[http-nio-8080-exec-3][0;39m [32mDEBUG[0;39m [36mc.e.demo.mapper.UserMapper.findById[0;39m - ==> Parameters: 2(Long)
[2m2025-08-16 09:40:38[0;39m [35m[http-nio-8080-exec-3][0;39m [32mDEBUG[0;39m [36mc.e.demo.mapper.UserMapper.findById[0;39m - <==      Total: 1
[2m2025-08-16 09:40:38[0;39m [35m[http-nio-8080-exec-3][0;39m [32mDEBUG[0;39m [36morg.mybatis.spring.SqlSessionUtils[0;39m - Closing non transactional SqlSession [org.apache.ibatis.session.defaults.DefaultSqlSession@52c8d44f]
[2m2025-08-16 09:40:38[0;39m [35m[http-nio-8080-exec-3][0;39m [32mINFO [0;39m [36mc.e.d.filter.JwtAuthenticationFilter[0;39m - ç”¨æˆ·ID 2 è®¤è¯æˆåŠŸ
[2m2025-08-16 09:45:20[0;39m [35m[http-nio-8080-exec-4][0;39m [32mINFO [0;39m [36mc.e.demo.controller.AuthController[0;39m - æ”¶åˆ°ç”¨æˆ·ç™»å½•è¯·æ±‚: UserLoginRequest{email='12345678@example.com', password='[PROTECTED]'}
[2m2025-08-16 09:45:20[0;39m [35m[http-nio-8080-exec-4][0;39m [32mINFO [0;39m [36mc.e.d.service.impl.UserServiceImpl[0;39m - ç”¨æˆ·ç™»å½•: 12345678@example.com
[2m2025-08-16 09:45:20[0;39m [35m[http-nio-8080-exec-4][0;39m [32mDEBUG[0;39m [36morg.mybatis.spring.SqlSessionUtils[0;39m - Creating a new SqlSession
[2m2025-08-16 09:45:20[0;39m [35m[http-nio-8080-exec-4][0;39m [32mDEBUG[0;39m [36morg.mybatis.spring.SqlSessionUtils[0;39m - SqlSession [org.apache.ibatis.session.defaults.DefaultSqlSession@51719436] was not registered for synchronization because synchronization is not active
[2m2025-08-16 09:45:20[0;39m [35m[http-nio-8080-exec-4][0;39m [32mDEBUG[0;39m [36mo.m.s.t.SpringManagedTransaction[0;39m - JDBC Connection [HikariProxyConnection@346200999 wrapping com.mysql.cj.jdbc.ConnectionImpl@5758f773] will not be managed by Spring
[2m2025-08-16 09:45:20[0;39m [35m[http-nio-8080-exec-4][0;39m [32mDEBUG[0;39m [36mc.e.d.mapper.UserMapper.findByEmail[0;39m - ==>  Preparing: SELECT * FROM user WHERE email = ?
[2m2025-08-16 09:45:20[0;39m [35m[http-nio-8080-exec-4][0;39m [32mDEBUG[0;39m [36mc.e.d.mapper.UserMapper.findByEmail[0;39m - ==> Parameters: 12345678@example.com(String)
[2m2025-08-16 09:45:20[0;39m [35m[http-nio-8080-exec-4][0;39m [32mDEBUG[0;39m [36mc.e.d.mapper.UserMapper.findByEmail[0;39m - <==      Total: 1
[2m2025-08-16 09:45:20[0;39m [35m[http-nio-8080-exec-4][0;39m [32mDEBUG[0;39m [36morg.mybatis.spring.SqlSessionUtils[0;39m - Closing non transactional SqlSession [org.apache.ibatis.session.defaults.DefaultSqlSession@51719436]
[2m2025-08-16 09:45:21[0;39m [35m[http-nio-8080-exec-4][0;39m [32mINFO [0;39m [36mc.e.d.service.impl.UserServiceImpl[0;39m - ç”¨æˆ·ç™»å½•æˆåŠŸ: 12345678@example.com
[2m2025-08-16 09:45:21[0;39m [35m[http-nio-8080-exec-4][0;39m [32mINFO [0;39m [36mc.e.demo.controller.AuthController[0;39m - ç”¨æˆ·ç™»å½•æˆåŠŸ: 12345678
[2m2025-08-16 09:46:35[0;39m [35m[http-nio-8080-exec-6][0;39m [32mINFO [0;39m [36mc.e.d.filter.JwtAuthenticationFilter[0;39m - JWTä»¤ç‰Œè§£æžæˆåŠŸ: ç”¨æˆ·ID 1, è§’è‰² null
[2m2025-08-16 09:46:35[0;39m [35m[http-nio-8080-exec-6][0;39m [32mDEBUG[0;39m [36morg.mybatis.spring.SqlSessionUtils[0;39m - Creating a new SqlSession
[2m2025-08-16 09:46:35[0;39m [35m[http-nio-8080-exec-6][0;39m [32mDEBUG[0;39m [36morg.mybatis.spring.SqlSessionUtils[0;39m - SqlSession [org.apache.ibatis.session.defaults.DefaultSqlSession@56d4cfa9] was not registered for synchronization because synchronization is not active
[2m2025-08-16 09:46:35[0;39m [35m[http-nio-8080-exec-6][0;39m [32mDEBUG[0;39m [36mo.m.s.t.SpringManagedTransaction[0;39m - JDBC Connection [HikariProxyConnection@78259884 wrapping com.mysql.cj.jdbc.ConnectionImpl@5758f773] will not be managed by Spring
[2m2025-08-16 09:46:35[0;39m [35m[http-nio-8080-exec-6][0;39m [32mDEBUG[0;39m [36mc.e.demo.mapper.UserMapper.findById[0;39m - ==>  Preparing: SELECT * FROM user WHERE id = ?
[2m2025-08-16 09:46:35[0;39m [35m[http-nio-8080-exec-6][0;39m [32mDEBUG[0;39m [36mc.e.demo.mapper.UserMapper.findById[0;39m - ==> Parameters: 1(Long)
[2m2025-08-16 09:46:35[0;39m [35m[http-nio-8080-exec-6][0;39m [32mDEBUG[0;39m [36mc.e.demo.mapper.UserMapper.findById[0;39m - <==      Total: 1
[2m2025-08-16 09:46:35[0;39m [35m[http-nio-8080-exec-6][0;39m [32mDEBUG[0;39m [36morg.mybatis.spring.SqlSessionUtils[0;39m - Closing non transactional SqlSession [org.apache.ibatis.session.defaults.DefaultSqlSession@56d4cfa9]
[2m2025-08-16 09:46:35[0;39m [35m[http-nio-8080-exec-6][0;39m [32mINFO [0;39m [36mc.e.d.filter.JwtAuthenticationFilter[0;39m - ç”¨æˆ·ID 1 è®¤è¯æˆåŠŸ
[2m2025-08-16 09:48:10[0;39m [35m[http-nio-8080-exec-8][0;39m [32mINFO [0;39m [36mc.e.d.filter.JwtAuthenticationFilter[0;39m - JWTä»¤ç‰Œè§£æžæˆåŠŸ: ç”¨æˆ·ID 1, è§’è‰² null
[2m2025-08-16 09:48:10[0;39m [35m[http-nio-8080-exec-8][0;39m [32mDEBUG[0;39m [36morg.mybatis.spring.SqlSessionUtils[0;39m - Creating a new SqlSession
[2m2025-08-16 09:48:10[0;39m [35m[http-nio-8080-exec-8][0;39m [32mDEBUG[0;39m [36morg.mybatis.spring.SqlSessionUtils[0;39m - SqlSession [org.apache.ibatis.session.defaults.DefaultSqlSession@7eaab83d] was not registered for synchronization because synchronization is not active
[2m2025-08-16 09:48:10[0;39m [35m[http-nio-8080-exec-8][0;39m [32mDEBUG[0;39m [36mo.m.s.t.SpringManagedTransaction[0;39m - JDBC Connection [HikariProxyConnection@666407966 wrapping com.mysql.cj.jdbc.ConnectionImpl@5758f773] will not be managed by Spring
[2m2025-08-16 09:48:10[0;39m [35m[http-nio-8080-exec-8][0;39m [32mDEBUG[0;39m [36mc.e.demo.mapper.UserMapper.findById[0;39m - ==>  Preparing: SELECT * FROM user WHERE id = ?
[2m2025-08-16 09:48:10[0;39m [35m[http-nio-8080-exec-8][0;39m [32mDEBUG[0;39m [36mc.e.demo.mapper.UserMapper.findById[0;39m - ==> Parameters: 1(Long)
[2m2025-08-16 09:48:10[0;39m [35m[http-nio-8080-exec-8][0;39m [32mDEBUG[0;39m [36mc.e.demo.mapper.UserMapper.findById[0;39m - <==      Total: 1
[2m2025-08-16 09:48:10[0;39m [35m[http-nio-8080-exec-8][0;39m [32mDEBUG[0;39m [36morg.mybatis.spring.SqlSessionUtils[0;39m - Closing non transactional SqlSession [org.apache.ibatis.session.defaults.DefaultSqlSession@7eaab83d]
[2m2025-08-16 09:48:10[0;39m [35m[http-nio-8080-exec-8][0;39m [32mINFO [0;39m [36mc.e.d.filter.JwtAuthenticationFilter[0;39m - ç”¨æˆ·ID 1 è®¤è¯æˆåŠŸ
[2m2025-08-16 09:48:32[0;39m [35m[http-nio-8080-exec-9][0;39m [32mINFO [0;39m [36mc.e.d.filter.JwtAuthenticationFilter[0;39m - JWTä»¤ç‰Œè§£æžæˆåŠŸ: ç”¨æˆ·ID 1, è§’è‰² null
[2m2025-08-16 09:48:32[0;39m [35m[http-nio-8080-exec-9][0;39m [32mDEBUG[0;39m [36morg.mybatis.spring.SqlSessionUtils[0;39m - Creating a new SqlSession
[2m2025-08-16 09:48:32[0;39m [35m[http-nio-8080-exec-9][0;39m [32mDEBUG[0;39m [36morg.mybatis.spring.SqlSessionUtils[0;39m - SqlSession [org.apache.ibatis.session.defaults.DefaultSqlSession@22667572] was not registered for synchronization because synchronization is not active
[2m2025-08-16 09:48:32[0;39m [35m[http-nio-8080-exec-9][0;39m [32mDEBUG[0;39m [36mo.m.s.t.SpringManagedTransaction[0;39m - JDBC Connection [HikariProxyConnection@463418082 wrapping com.mysql.cj.jdbc.ConnectionImpl@5758f773] will not be managed by Spring
[2m2025-08-16 09:48:32[0;39m [35m[http-nio-8080-exec-9][0;39m [32mDEBUG[0;39m [36mc.e.demo.mapper.UserMapper.findById[0;39m - ==>  Preparing: SELECT * FROM user WHERE id = ?
[2m2025-08-16 09:48:32[0;39m [35m[http-nio-8080-exec-9][0;39m [32mDEBUG[0;39m [36mc.e.demo.mapper.UserMapper.findById[0;39m - ==> Parameters: 1(Long)
[2m2025-08-16 09:48:32[0;39m [35m[http-nio-8080-exec-9][0;39m [32mDEBUG[0;39m [36mc.e.demo.mapper.UserMapper.findById[0;39m - <==      Total: 1
[2m2025-08-16 09:48:32[0;39m [35m[http-nio-8080-exec-9][0;39m [32mDEBUG[0;39m [36morg.mybatis.spring.SqlSessionUtils[0;39m - Closing non transactional SqlSession [org.apache.ibatis.session.defaults.DefaultSqlSession@22667572]
[2m2025-08-16 09:48:32[0;39m [35m[http-nio-8080-exec-9][0;39m [32mINFO [0;39m [36mc.e.d.filter.JwtAuthenticationFilter[0;39m - ç”¨æˆ·ID 1 è®¤è¯æˆåŠŸ
[2m2025-08-16 09:48:52[0;39m [35m[http-nio-8080-exec-10][0;39m [32mINFO [0;39m [36mc.e.d.filter.JwtAuthenticationFilter[0;39m - JWTä»¤ç‰Œè§£æžæˆåŠŸ: ç”¨æˆ·ID 1, è§’è‰² null
[2m2025-08-16 09:48:52[0;39m [35m[http-nio-8080-exec-10][0;39m [32mDEBUG[0;39m [36morg.mybatis.spring.SqlSessionUtils[0;39m - Creating a new SqlSession
[2m2025-08-16 09:48:52[0;39m [35m[http-nio-8080-exec-10][0;39m [32mDEBUG[0;39m [36morg.mybatis.spring.SqlSessionUtils[0;39m - SqlSession [org.apache.ibatis.session.defaults.DefaultSqlSession@2bdd2195] was not registered for synchronization because synchronization is not active
[2m2025-08-16 09:48:52[0;39m [35m[http-nio-8080-exec-10][0;39m [32mDEBUG[0;39m [36mo.m.s.t.SpringManagedTransaction[0;39m - JDBC Connection [HikariProxyConnection@1561633124 wrapping com.mysql.cj.jdbc.ConnectionImpl@5758f773] will not be managed by Spring
[2m2025-08-16 09:48:52[0;39m [35m[http-nio-8080-exec-10][0;39m [32mDEBUG[0;39m [36mc.e.demo.mapper.UserMapper.findById[0;39m - ==>  Preparing: SELECT * FROM user WHERE id = ?
[2m2025-08-16 09:48:52[0;39m [35m[http-nio-8080-exec-10][0;39m [32mDEBUG[0;39m [36mc.e.demo.mapper.UserMapper.findById[0;39m - ==> Parameters: 1(Long)
[2m2025-08-16 09:48:52[0;39m [35m[http-nio-8080-exec-10][0;39m [32mDEBUG[0;39m [36mc.e.demo.mapper.UserMapper.findById[0;39m - <==      Total: 1
[2m2025-08-16 09:48:52[0;39m [35m[http-nio-8080-exec-10][0;39m [32mDEBUG[0;39m [36morg.mybatis.spring.SqlSessionUtils[0;39m - Closing non transactional SqlSession [org.apache.ibatis.session.defaults.DefaultSqlSession@2bdd2195]
[2m2025-08-16 09:48:52[0;39m [35m[http-nio-8080-exec-10][0;39m [32mINFO [0;39m [36mc.e.d.filter.JwtAuthenticationFilter[0;39m - ç”¨æˆ·ID 1 è®¤è¯æˆåŠŸ
[2m2025-08-16 09:50:05[0;39m [35m[http-nio-8080-exec-2][0;39m [32mINFO [0;39m [36mc.e.d.filter.JwtAuthenticationFilter[0;39m - JWTä»¤ç‰Œè§£æžæˆåŠŸ: ç”¨æˆ·ID 1, è§’è‰² null
[2m2025-08-16 09:50:05[0;39m [35m[http-nio-8080-exec-2][0;39m [32mDEBUG[0;39m [36morg.mybatis.spring.SqlSessionUtils[0;39m - Creating a new SqlSession
[2m2025-08-16 09:50:05[0;39m [35m[http-nio-8080-exec-2][0;39m [32mDEBUG[0;39m [36morg.mybatis.spring.SqlSessionUtils[0;39m - SqlSession [org.apache.ibatis.session.defaults.DefaultSqlSession@350a886e] was not registered for synchronization because synchronization is not active
[2m2025-08-16 09:50:05[0;39m [35m[http-nio-8080-exec-2][0;39m [32mDEBUG[0;39m [36mo.m.s.t.SpringManagedTransaction[0;39m - JDBC Connection [HikariProxyConnection@940155422 wrapping com.mysql.cj.jdbc.ConnectionImpl@5758f773] will not be managed by Spring
[2m2025-08-16 09:50:05[0;39m [35m[http-nio-8080-exec-2][0;39m [32mDEBUG[0;39m [36mc.e.demo.mapper.UserMapper.findById[0;39m - ==>  Preparing: SELECT * FROM user WHERE id = ?
[2m2025-08-16 09:50:05[0;39m [35m[http-nio-8080-exec-2][0;39m [32mDEBUG[0;39m [36mc.e.demo.mapper.UserMapper.findById[0;39m - ==> Parameters: 1(Long)
[2m2025-08-16 09:50:05[0;39m [35m[http-nio-8080-exec-2][0;39m [32mDEBUG[0;39m [36mc.e.demo.mapper.UserMapper.findById[0;39m - <==      Total: 1
[2m2025-08-16 09:50:05[0;39m [35m[http-nio-8080-exec-2][0;39m [32mDEBUG[0;39m [36morg.mybatis.spring.SqlSessionUtils[0;39m - Closing non transactional SqlSession [org.apache.ibatis.session.defaults.DefaultSqlSession@350a886e]
[2m2025-08-16 09:50:05[0;39m [35m[http-nio-8080-exec-2][0;39m [32mINFO [0;39m [36mc.e.d.filter.JwtAuthenticationFilter[0;39m - ç”¨æˆ·ID 1 è®¤è¯æˆåŠŸ
[2m2025-08-16 09:50:23[0;39m [35m[http-nio-8080-exec-3][0;39m [32mINFO [0;39m [36mc.e.d.filter.JwtAuthenticationFilter[0;39m - JWTä»¤ç‰Œè§£æžæˆåŠŸ: ç”¨æˆ·ID 1, è§’è‰² null
[2m2025-08-16 09:50:23[0;39m [35m[http-nio-8080-exec-3][0;39m [32mDEBUG[0;39m [36morg.mybatis.spring.SqlSessionUtils[0;39m - Creating a new SqlSession
[2m2025-08-16 09:50:23[0;39m [35m[http-nio-8080-exec-3][0;39m [32mDEBUG[0;39m [36morg.mybatis.spring.SqlSessionUtils[0;39m - SqlSession [org.apache.ibatis.session.defaults.DefaultSqlSession@569d81cb] was not registered for synchronization because synchronization is not active
[2m2025-08-16 09:50:23[0;39m [35m[http-nio-8080-exec-3][0;39m [32mDEBUG[0;39m [36mo.m.s.t.SpringManagedTransaction[0;39m - JDBC Connection [HikariProxyConnection@847870806 wrapping com.mysql.cj.jdbc.ConnectionImpl@5758f773] will not be managed by Spring
[2m2025-08-16 09:50:23[0;39m [35m[http-nio-8080-exec-3][0;39m [32mDEBUG[0;39m [36mc.e.demo.mapper.UserMapper.findById[0;39m - ==>  Preparing: SELECT * FROM user WHERE id = ?
[2m2025-08-16 09:50:23[0;39m [35m[http-nio-8080-exec-3][0;39m [32mDEBUG[0;39m [36mc.e.demo.mapper.UserMapper.findById[0;39m - ==> Parameters: 1(Long)
[2m2025-08-16 09:50:23[0;39m [35m[http-nio-8080-exec-3][0;39m [32mDEBUG[0;39m [36mc.e.demo.mapper.UserMapper.findById[0;39m - <==      Total: 1
[2m2025-08-16 09:50:23[0;39m [35m[http-nio-8080-exec-3][0;39m [32mDEBUG[0;39m [36morg.mybatis.spring.SqlSessionUtils[0;39m - Closing non transactional SqlSession [org.apache.ibatis.session.defaults.DefaultSqlSession@569d81cb]
[2m2025-08-16 09:50:23[0;39m [35m[http-nio-8080-exec-3][0;39m [32mINFO [0;39m [36mc.e.d.filter.JwtAuthenticationFilter[0;39m - ç”¨æˆ·ID 1 è®¤è¯æˆåŠŸ
[2m2025-08-16 09:53:06[0;39m [35m[http-nio-8080-exec-5][0;39m [32mINFO [0;39m [36mc.e.d.filter.JwtAuthenticationFilter[0;39m - JWTä»¤ç‰Œè§£æžæˆåŠŸ: ç”¨æˆ·ID 1, è§’è‰² null
[2m2025-08-16 09:53:06[0;39m [35m[http-nio-8080-exec-5][0;39m [32mDEBUG[0;39m [36morg.mybatis.spring.SqlSessionUtils[0;39m - Creating a new SqlSession
[2m2025-08-16 09:53:06[0;39m [35m[http-nio-8080-exec-5][0;39m [32mDEBUG[0;39m [36morg.mybatis.spring.SqlSessionUtils[0;39m - SqlSession [org.apache.ibatis.session.defaults.DefaultSqlSession@67010f58] was not registered for synchronization because synchronization is not active
[2m2025-08-16 09:53:06[0;39m [35m[http-nio-8080-exec-5][0;39m [32mDEBUG[0;39m [36mo.m.s.t.SpringManagedTransaction[0;39m - JDBC Connection [HikariProxyConnection@399175224 wrapping com.mysql.cj.jdbc.ConnectionImpl@5758f773] will not be managed by Spring
[2m2025-08-16 09:53:06[0;39m [35m[http-nio-8080-exec-5][0;39m [32mDEBUG[0;39m [36mc.e.demo.mapper.UserMapper.findById[0;39m - ==>  Preparing: SELECT * FROM user WHERE id = ?
[2m2025-08-16 09:53:06[0;39m [35m[http-nio-8080-exec-5][0;39m [32mDEBUG[0;39m [36mc.e.demo.mapper.UserMapper.findById[0;39m - ==> Parameters: 1(Long)
[2m2025-08-16 09:53:06[0;39m [35m[http-nio-8080-exec-5][0;39m [32mDEBUG[0;39m [36mc.e.demo.mapper.UserMapper.findById[0;39m - <==      Total: 1
[2m2025-08-16 09:53:06[0;39m [35m[http-nio-8080-exec-5][0;39m [32mDEBUG[0;39m [36morg.mybatis.spring.SqlSessionUtils[0;39m - Closing non transactional SqlSession [org.apache.ibatis.session.defaults.DefaultSqlSession@67010f58]
[2m2025-08-16 09:53:06[0;39m [35m[http-nio-8080-exec-5][0;39m [32mINFO [0;39m [36mc.e.d.filter.JwtAuthenticationFilter[0;39m - ç”¨æˆ·ID 1 è®¤è¯æˆåŠŸ
[2m2025-08-16 09:53:49[0;39m [35m[http-nio-8080-exec-6][0;39m [32mINFO [0;39m [36mc.e.d.filter.JwtAuthenticationFilter[0;39m - JWTä»¤ç‰Œè§£æžæˆåŠŸ: ç”¨æˆ·ID 1, è§’è‰² null
[2m2025-08-16 09:53:49[0;39m [35m[http-nio-8080-exec-6][0;39m [32mDEBUG[0;39m [36morg.mybatis.spring.SqlSessionUtils[0;39m - Creating a new SqlSession
[2m2025-08-16 09:53:49[0;39m [35m[http-nio-8080-exec-6][0;39m [32mDEBUG[0;39m [36morg.mybatis.spring.SqlSessionUtils[0;39m - SqlSession [org.apache.ibatis.session.defaults.DefaultSqlSession@23a9a277] was not registered for synchronization because synchronization is not active
[2m2025-08-16 09:53:49[0;39m [35m[http-nio-8080-exec-6][0;39m [32mDEBUG[0;39m [36mo.m.s.t.SpringManagedTransaction[0;39m - JDBC Connection [HikariProxyConnection@957360211 wrapping com.mysql.cj.jdbc.ConnectionImpl@5758f773] will not be managed by Spring
[2m2025-08-16 09:53:49[0;39m [35m[http-nio-8080-exec-6][0;39m [32mDEBUG[0;39m [36mc.e.demo.mapper.UserMapper.findById[0;39m - ==>  Preparing: SELECT * FROM user WHERE id = ?
[2m2025-08-16 09:53:49[0;39m [35m[http-nio-8080-exec-6][0;39m [32mDEBUG[0;39m [36mc.e.demo.mapper.UserMapper.findById[0;39m - ==> Parameters: 1(Long)
[2m2025-08-16 09:53:49[0;39m [35m[http-nio-8080-exec-6][0;39m [32mDEBUG[0;39m [36mc.e.demo.mapper.UserMapper.findById[0;39m - <==      Total: 1
[2m2025-08-16 09:53:49[0;39m [35m[http-nio-8080-exec-6][0;39m [32mDEBUG[0;39m [36morg.mybatis.spring.SqlSessionUtils[0;39m - Closing non transactional SqlSession [org.apache.ibatis.session.defaults.DefaultSqlSession@23a9a277]
[2m2025-08-16 09:53:49[0;39m [35m[http-nio-8080-exec-6][0;39m [32mINFO [0;39m [36mc.e.d.filter.JwtAuthenticationFilter[0;39m - ç”¨æˆ·ID 1 è®¤è¯æˆåŠŸ
